Determining if the pthread_create exist failed with the following output:
Change Dir: /home/jacob/programs/cpp-httplib/build/CMakeFiles/CMakeTmp

Run Build Command:"/usr/bin/make" "cmTC_3f780/fast"
/usr/bin/make -f CMakeFiles/cmTC_3f780.dir/build.make CMakeFiles/cmTC_3f780.dir/build
make[1]: Entering directory '/home/jacob/programs/cpp-httplib/build/CMakeFiles/CMakeTmp'
Building C object CMakeFiles/cmTC_3f780.dir/CheckSymbolExists.c.o
/usr/bin/cc     -o CMakeFiles/cmTC_3f780.dir/CheckSymbolExists.c.o   -c /home/jacob/programs/cpp-httplib/build/CMakeFiles/CMakeTmp/CheckSymbolExists.c
Linking C executable cmTC_3f780
/usr/bin/cmake -E cmake_link_script CMakeFiles/cmTC_3f780.dir/link.txt --verbose=1
/usr/bin/cc       CMakeFiles/cmTC_3f780.dir/CheckSymbolExists.c.o  -o cmTC_3f780 
CMakeFiles/cmTC_3f780.dir/CheckSymbolExists.c.o: In function `main':
CheckSymbolExists.c:(.text+0x1b): undefined reference to `pthread_create'
collect2: error: ld returned 1 exit status
CMakeFiles/cmTC_3f780.dir/build.make:97: recipe for target 'cmTC_3f780' failed
make[1]: *** [cmTC_3f780] Error 1
make[1]: Leaving directory '/home/jacob/programs/cpp-httplib/build/CMakeFiles/CMakeTmp'
Makefile:126: recipe for target 'cmTC_3f780/fast' failed
make: *** [cmTC_3f780/fast] Error 2

File /home/jacob/programs/cpp-httplib/build/CMakeFiles/CMakeTmp/CheckSymbolExists.c:
/* */
#include <pthread.h>

int main(int argc, char** argv)
{
  (void)argv;
#ifndef pthread_create
  return ((int*)(&pthread_create))[argc];
#else
  (void)argc;
  return 0;
#endif
}

Determining if the function pthread_create exists in the pthreads failed with the following output:
Change Dir: /home/jacob/programs/cpp-httplib/build/CMakeFiles/CMakeTmp

Run Build Command:"/usr/bin/make" "cmTC_e2460/fast"
/usr/bin/make -f CMakeFiles/cmTC_e2460.dir/build.make CMakeFiles/cmTC_e2460.dir/build
make[1]: Entering directory '/home/jacob/programs/cpp-httplib/build/CMakeFiles/CMakeTmp'
Building C object CMakeFiles/cmTC_e2460.dir/CheckFunctionExists.c.o
/usr/bin/cc    -DCHECK_FUNCTION_EXISTS=pthread_create   -o CMakeFiles/cmTC_e2460.dir/CheckFunctionExists.c.o   -c /usr/share/cmake-3.7/Modules/CheckFunctionExists.c
Linking C executable cmTC_e2460
/usr/bin/cmake -E cmake_link_script CMakeFiles/cmTC_e2460.dir/link.txt --verbose=1
/usr/bin/cc   -DCHECK_FUNCTION_EXISTS=pthread_create    CMakeFiles/cmTC_e2460.dir/CheckFunctionExists.c.o  -o cmTC_e2460 -lpthreads 
/usr/bin/ld: cannot find -lpthreads
collect2: error: ld returned 1 exit status
CMakeFiles/cmTC_e2460.dir/build.make:97: recipe for target 'cmTC_e2460' failed
make[1]: *** [cmTC_e2460] Error 1
make[1]: Leaving directory '/home/jacob/programs/cpp-httplib/build/CMakeFiles/CMakeTmp'
Makefile:126: recipe for target 'cmTC_e2460/fast' failed
make: *** [cmTC_e2460/fast] Error 2


